  main.cpp
e:\users\kris\documents\college\fifth year onedrive\onedrive\fifth year - computers\cs7033 - real-time animation\assignments\code\real-time-animation-a2\a2\a2\Antons_maths_funcs.h(441): warning C4244: 'return': conversion from 'double' to 'float', possible loss of data
e:\users\kris\documents\college\fifth year onedrive\onedrive\fifth year - computers\cs7033 - real-time animation\assignments\code\real-time-animation-a2\a2\a2\Antons_maths_funcs.h(445): warning C4244: 'initializing': conversion from 'double' to 'float', possible loss of data
e:\users\kris\documents\college\fifth year onedrive\onedrive\fifth year - computers\cs7033 - real-time animation\assignments\code\real-time-animation-a2\a2\a2\Antons_maths_funcs.h(640): warning C4244: 'initializing': conversion from 'double' to 'float', possible loss of data
e:\users\kris\documents\college\fifth year onedrive\onedrive\fifth year - computers\cs7033 - real-time animation\assignments\code\real-time-animation-a2\a2\a2\Antons_maths_funcs.h(652): warning C4244: 'initializing': conversion from 'double' to 'float', possible loss of data
e:\users\kris\documents\college\fifth year onedrive\onedrive\fifth year - computers\cs7033 - real-time animation\assignments\code\real-time-animation-a2\a2\a2\Antons_maths_funcs.h(664): warning C4244: 'initializing': conversion from 'double' to 'float', possible loss of data
e:\users\kris\documents\college\fifth year onedrive\onedrive\fifth year - computers\cs7033 - real-time animation\assignments\code\real-time-animation-a2\a2\a2\Antons_maths_funcs.h(712): warning C4244: 'initializing': conversion from 'double' to 'float', possible loss of data
e:\users\kris\documents\college\fifth year onedrive\onedrive\fifth year - computers\cs7033 - real-time animation\assignments\code\real-time-animation-a2\a2\a2\Antons_maths_funcs.h(729): warning C4244: '=': conversion from 'double' to 'float', possible loss of data
e:\users\kris\documents\college\fifth year onedrive\onedrive\fifth year - computers\cs7033 - real-time animation\assignments\code\real-time-animation-a2\a2\a2\Antons_maths_funcs.h(730): warning C4244: '=': conversion from 'double' to 'float', possible loss of data
e:\users\kris\documents\college\fifth year onedrive\onedrive\fifth year - computers\cs7033 - real-time animation\assignments\code\real-time-animation-a2\a2\a2\Antons_maths_funcs.h(731): warning C4244: '=': conversion from 'double' to 'float', possible loss of data
e:\users\kris\documents\college\fifth year onedrive\onedrive\fifth year - computers\cs7033 - real-time animation\assignments\code\real-time-animation-a2\a2\a2\Antons_maths_funcs.h(732): warning C4244: '=': conversion from 'double' to 'float', possible loss of data
e:\users\kris\documents\college\fifth year onedrive\onedrive\fifth year - computers\cs7033 - real-time animation\assignments\code\real-time-animation-a2\a2\a2\Antons_maths_funcs.h(737): warning C4244: 'argument': conversion from 'double' to 'float', possible loss of data
e:\users\kris\documents\college\fifth year onedrive\onedrive\fifth year - computers\cs7033 - real-time animation\assignments\code\real-time-animation-a2\a2\a2\Camera.h(129): warning C4244: 'return': conversion from 'double' to 'GLfloat', possible loss of data
e:\users\kris\documents\college\fifth year onedrive\onedrive\fifth year - computers\cs7033 - real-time animation\assignments\code\real-time-animation-a2\a2\a2\PlaneRotation.h(16): warning C4244: 'return': conversion from 'double' to 'GLfloat', possible loss of data
main.cpp(243): warning C4244: 'argument': conversion from 'time_t' to 'unsigned int', possible loss of data
  Generating code
  1 of 701 functions ( 0.1%) were compiled, the rest were copied from previous compilation.
    0 functions were new in current compilation
    1 functions had inline decision re-evaluated but remain unchanged
  Finished generating code
  A2.vcxproj -> E:\Users\Kris\Documents\College\Fifth Year OneDrive\OneDrive\Fifth Year - Computers\CS7033 - Real-time Animation\Assignments\Code\Real-Time-Animation-A2\A2\Release\A2.exe
